{"pid":3250,"shlvl":2,"level":"INFO","dir":"/home/helibom","message":(Not available: python with json required),"trace":["__zplug::log::write::info:2","__zplug::io::file::load:3","/usr/share/zplug/init.zsh:33","/home/helibom/.zshrc:31","zsh:0"],"date":"2023-06-21T14:07:46+0200"}
{"pid":3250,"shlvl":2,"level":"ERROR","dir":"/home/helibom/.zplug/repos/robbyrussell/oh-my-zsh","message":(Not available: python with json required),"trace":["__zplug::log::capture::error:8","__zplug::utils::git::checkout:45","__zplug::core::cache::plugins:10","__load__:52","__zplug::core::core::run_interfaces:14","zplug:12","/home/helibom/.zshrc:49","zsh:0"],"date":"2023-06-21T14:08:04+0200"}
{"pid":3250,"shlvl":2,"level":"ERROR","dir":"/home/helibom/.zplug/repos/robbyrussell/oh-my-zsh","message":(Not available: python with json required),"trace":["__zplug::log::capture::error:8","__zplug::utils::git::checkout:45","__zplug::core::cache::themes:10","__load__:58","__zplug::core::core::run_interfaces:14","zplug:12","/home/helibom/.zshrc:49","zsh:0"],"date":"2023-06-21T14:08:04+0200"}
{"pid":3250,"shlvl":2,"level":"ERROR","dir":"/home/helibom/.zplug/repos/robbyrussell/oh-my-zsh","message":(Not available: python with json required),"trace":["__zplug::log::capture::error:8","__zplug::utils::git::checkout:45","__zplug::core::cache::plugins:10","__load__:52","__zplug::core::core::run_interfaces:14","zplug:12","/home/helibom/.zshrc:49","zsh:0"],"date":"2023-06-21T14:08:04+0200"}
{"pid":3250,"shlvl":2,"level":"INFO","dir":"/home/helibom","message":(Not available: python with json required),"trace":["__zplug::log::write::info:2","__zplug::job::polling::periodic:9","zsh:1"],"date":"2023-06-21T14:08:05+0200"}
{"pid":6813,"shlvl":2,"level":"INFO","dir":"/home/helibom","message":(Not available: python with json required),"trace":["__zplug::log::write::info:2","__zplug::io::file::load:3","/usr/share/zplug/init.zsh:33","/home/helibom/.zshrc:31","zsh:0"],"date":"2023-06-21T14:08:14+0200"}
{"pid":6813,"shlvl":2,"level":"INFO","dir":"/home/helibom","message":(Not available: python with json required),"trace":["__zplug::log::write::info:2","__zplug::job::polling::periodic:9","zsh:1"],"date":"2023-06-21T14:08:14+0200"}
{"pid":7066,"shlvl":3,"level":"INFO","dir":"/home/helibom","message":(Not available: python with json required),"trace":["__zplug::log::write::info:2","__zplug::io::file::load:3","/usr/share/zplug/init.zsh:33","/home/helibom/.zshrc:31","zsh:0"],"date":"2023-06-21T14:10:33+0200"}
{"pid":7066,"shlvl":3,"level":"INFO","dir":"/home/helibom","message":(Not available: python with json required),"trace":["__zplug::log::write::info:2","__zplug::job::polling::periodic:9","zsh:1"],"date":"2023-06-21T14:10:33+0200"}
{"pid":7066,"shlvl":3,"level":"INFO","dir":"/home/helibom","message":(Not available: python with json required),"trace":["__zplug::log::write::info:2","__zplug::io::file::load:3","/usr/share/zplug/init.zsh:33","/home/helibom/.zshrc:31","zsh:16"],"date":"2023-06-21T14:14:03+0200"}
{"pid":7721,"shlvl":1,"level":"INFO","dir":"/home/helibom","message":(Not available: python with json required),"trace":["__zplug::log::write::info:2","__zplug::io::file::load:3","/usr/share/zplug/init.zsh:33","/home/helibom/.zshrc:31","zsh:0"],"date":"2023-06-21T14:15:05+0200"}
{"pid":7721,"shlvl":1,"level":"INFO","dir":"/home/helibom","message":(Not available: python with json required),"trace":["__zplug::log::write::info:2","__zplug::job::polling::periodic:9","-zsh:1"],"date":"2023-06-21T14:15:05+0200"}
{"pid":8234,"shlvl":1,"level":"INFO","dir":"/mnt/c/Users/HELI37/AppData/Local/Programs/Microsoft VS Code","message":(Not available: python with json required),"trace":["__zplug::log::write::info:2","__zplug::io::file::load:3","/usr/share/zplug/init.zsh:33","/home/helibom/.zshrc:31","zsh:0"],"date":"2023-06-21T14:16:29+0200"}
{"pid":8496,"shlvl":2,"level":"INFO","dir":"/home/helibom","message":(Not available: python with json required),"trace":["__zplug::log::write::info:2","__zplug::io::file::load:3","/usr/share/zplug/init.zsh:33","/home/helibom/.zshrc:31","/tmp/helibom-code-zsh/.zshrc:31","zsh:0"],"date":"2023-06-21T14:16:34+0200"}
{"pid":8496,"shlvl":2,"level":"INFO","dir":"/home/helibom","message":(Not available: python with json required),"trace":["__zplug::log::write::info:2","__zplug::job::polling::periodic:9","/bin/zsh:1"],"date":"2023-06-21T14:16:35+0200"}
{"pid":8783,"shlvl":1,"level":"INFO","dir":"/mnt/c/Users/HELI37/work/repos/inca/register/rcc/urinblasecancer-react","message":(Not available: python with json required),"trace":["__zplug::log::write::info:2","__zplug::io::file::load:3","/usr/share/zplug/init.zsh:33","/home/helibom/.zshrc:31","zsh:0"],"date":"2023-06-21T14:17:31+0200"}
{"pid":8783,"shlvl":1,"level":"INFO","dir":"/mnt/c/Users/HELI37/work/repos/inca/register/rcc/urinblasecancer-react","message":(Not available: python with json required),"trace":["__zplug::log::write::info:2","__zplug::job::polling::periodic:9","-zsh:1"],"date":"2023-06-21T14:17:31+0200"}
{"pid":9148,"shlvl":1,"level":"INFO","dir":"/mnt/c/Users/HELI37/AppData/Local/Programs/Microsoft VS Code","message":(Not available: python with json required),"trace":["__zplug::log::write::info:2","__zplug::io::file::load:3","/usr/share/zplug/init.zsh:33","/home/helibom/.zshrc:31","zsh:0"],"date":"2023-06-21T14:17:59+0200"}
{"pid":9573,"shlvl":1,"level":"INFO","dir":"/mnt/c/Users/HELI37/AppData/Local/Programs/Microsoft VS Code","message":(Not available: python with json required),"trace":["__zplug::log::write::info:2","__zplug::io::file::load:3","/usr/share/zplug/init.zsh:33","/home/helibom/.zshrc:31","zsh:0"],"date":"2023-06-21T14:19:51+0200"}
{"pid":9870,"shlvl":2,"level":"INFO","dir":"/mnt/c/Users/HELI37/work/repos/inca/register/rcc/urinblasecancer-react","message":(Not available: python with json required),"trace":["__zplug::log::write::info:2","__zplug::io::file::load:3","/usr/share/zplug/init.zsh:33","/home/helibom/.zshrc:31","/tmp/helibom-code-zsh/.zshrc:31","zsh:0"],"date":"2023-06-21T14:23:18+0200"}
{"pid":9870,"shlvl":2,"level":"INFO","dir":"/mnt/c/Users/HELI37/work/repos/inca/register/rcc/urinblasecancer-react","message":(Not available: python with json required),"trace":["__zplug::log::write::info:2","__zplug::job::polling::periodic:9","/bin/zsh:1"],"date":"2023-06-21T14:23:18+0200"}
{"pid":10158,"shlvl":1,"level":"INFO","dir":"/home/helibom","message":(Not available: python with json required),"trace":["__zplug::log::write::info:2","__zplug::io::file::load:3","/usr/share/zplug/init.zsh:33","/home/helibom/.zshrc:31","zsh:0"],"date":"2023-06-21T14:23:44+0200"}
{"pid":10158,"shlvl":1,"level":"INFO","dir":"/home/helibom","message":(Not available: python with json required),"trace":["__zplug::log::write::info:2","__zplug::job::polling::periodic:9","-zsh:1"],"date":"2023-06-21T14:23:44+0200"}
{"pid":18287,"shlvl":1,"level":"INFO","dir":"/home/helibom","message":(Not available: python with json required),"trace":["__zplug::log::write::info:2","__zplug::io::file::load:3","/usr/share/zplug/init.zsh:33","/home/helibom/.zshrc:31","zsh:0"],"date":"2023-06-21T15:42:43+0200"}
{"pid":18287,"shlvl":1,"level":"INFO","dir":"/home/helibom","message":(Not available: python with json required),"trace":["__zplug::log::write::info:2","__zplug::job::polling::periodic:9","-zsh:1"],"date":"2023-06-21T15:42:43+0200"}
{"pid":19419,"shlvl":1,"level":"INFO","dir":"/mnt/c/Users/HELI37/AppData/Local/Programs/Microsoft VS Code","message":(Not available: python with json required),"trace":["__zplug::log::write::info:2","__zplug::io::file::load:3","/usr/share/zplug/init.zsh:33","/home/helibom/.zshrc:31","zsh:0"],"date":"2023-06-21T15:57:19+0200"}
{"pid":21868,"shlvl":3,"level":"INFO","dir":"/home/helibom/user/win/workWindows","message":(Not available: python with json required),"trace":["__zplug::log::write::info:2","__zplug::io::file::load:3","/usr/share/zplug/init.zsh:33","/home/helibom/.zshrc:31","zsh:0"],"date":"2023-06-21T16:32:32+0200"}
{"pid":21868,"shlvl":3,"level":"INFO","dir":"/home/helibom/user/win/workWindows","message":(Not available: python with json required),"trace":["__zplug::log::write::info:2","__zplug::job::polling::periodic:9","zsh:1"],"date":"2023-06-21T16:32:32+0200"}
{"pid":31842,"shlvl":1,"level":"INFO","dir":"/home/helibom","message":(Not available: python with json required),"trace":["__zplug::log::write::info:2","__zplug::io::file::load:3","/usr/share/zplug/init.zsh:33","/home/helibom/.zshrc:31","zsh:0"],"date":"2023-06-22T08:31:06+0200"}
{"pid":31842,"shlvl":1,"level":"INFO","dir":"/home/helibom","message":(Not available: python with json required),"trace":["__zplug::log::write::info:2","__zplug::job::polling::periodic:9","-zsh:1"],"date":"2023-06-22T08:31:07+0200"}
{"pid":31842,"shlvl":1,"level":"INFO","dir":"/home/helibom","message":(Not available: python with json required),"trace":["__zplug::log::write::info:2","__zplug::io::file::load:3","/usr/share/zplug/init.zsh:33","/home/helibom/.zshrc:31","zsh:17"],"date":"2023-06-22T08:43:58+0200"}
{"pid":31842,"shlvl":1,"level":"INFO","dir":"/home/helibom","message":(Not available: python with json required),"trace":["__zplug::log::write::info:2","__zplug::job::polling::periodic:9","-zsh:18"],"date":"2023-06-22T08:43:58+0200"}
